[07-May-2024 11:57:34] NOTICE: fpm is running, pid 53988
[07-May-2024 11:57:34] NOTICE: ready to handle connections
[07-May-2024 17:38:53] NOTICE: Terminating ...
[07-May-2024 17:38:53] NOTICE: Terminating ...
[07-May-2024 17:38:53] NOTICE: exiting, bye-bye!
[08-May-2024 16:55:59] NOTICE: fpm is running, pid 72470
[08-May-2024 16:55:59] NOTICE: ready to handle connections
[08-May-2024 18:56:21] NOTICE: fpm is running, pid 9317
[08-May-2024 18:56:21] NOTICE: ready to handle connections
[12-May-2024 12:49:07] NOTICE: fpm is running, pid 1172
[12-May-2024 12:49:07] NOTICE: ready to handle connections
[12-May-2024 16:26:18] NOTICE: Terminating ...
[12-May-2024 16:26:18] NOTICE: Terminating ...
[12-May-2024 16:26:18] NOTICE: exiting, bye-bye!
[13-May-2024 13:01:06] NOTICE: fpm is running, pid 6706
[13-May-2024 13:01:06] NOTICE: ready to handle connections
[14-May-2024 10:59:35] NOTICE: fpm is running, pid 80171
[14-May-2024 10:59:35] NOTICE: ready to handle connections
[14-May-2024 11:40:36] NOTICE: Terminating ...
[14-May-2024 11:40:36] NOTICE: Terminating ...
[14-May-2024 11:40:36] NOTICE: exiting, bye-bye!
[15-May-2024 17:23:20] NOTICE: fpm is running, pid 24306
[15-May-2024 17:23:20] NOTICE: ready to handle connections
[16-May-2024 11:21:59] NOTICE: fpm is running, pid 40853
[16-May-2024 11:21:59] NOTICE: ready to handle connections
[16-May-2024 11:22:04] NOTICE: Terminating ...
[16-May-2024 11:22:04] NOTICE: Terminating ...
[16-May-2024 11:22:04] NOTICE: exiting, bye-bye!
[16-May-2024 12:04:46] NOTICE: fpm is running, pid 65725
[16-May-2024 12:04:46] NOTICE: ready to handle connections
[17-May-2024 17:04:35] NOTICE: Terminating ...
[17-May-2024 17:04:35] NOTICE: Terminating ...
[17-May-2024 17:04:35] NOTICE: exiting, bye-bye!
[20-May-2024 09:53:55] NOTICE: fpm is running, pid 1767
[20-May-2024 09:53:55] NOTICE: ready to handle connections
[23-May-2024 15:53:36] NOTICE: fpm is running, pid 59487
[23-May-2024 15:53:36] NOTICE: ready to handle connections
[23-May-2024 16:07:13] NOTICE: Terminating ...
[23-May-2024 16:07:13] NOTICE: exiting, bye-bye!
[23-May-2024 16:07:15] NOTICE: fpm is running, pid 73058
[23-May-2024 16:07:15] NOTICE: ready to handle connections
[23-May-2024 19:49:15] NOTICE: Terminating ...
[23-May-2024 19:49:15] NOTICE: Terminating ...
[23-May-2024 19:49:15] NOTICE: exiting, bye-bye!
[25-May-2024 15:09:40] NOTICE: fpm is running, pid 1196
[25-May-2024 15:09:40] NOTICE: ready to handle connections
[26-May-2024 17:48:13] NOTICE: Terminating ...
[26-May-2024 17:48:13] NOTICE: Terminating ...
[26-May-2024 17:48:13] NOTICE: exiting, bye-bye!
[28-May-2024 12:13:08] NOTICE: fpm is running, pid 16193
[28-May-2024 12:13:08] NOTICE: ready to handle connections
[30-May-2024 11:26:37] NOTICE: fpm is running, pid 33941
[30-May-2024 11:26:37] NOTICE: ready to handle connections
[30-May-2024 11:26:52] NOTICE: Terminating ...
[30-May-2024 11:26:52] NOTICE: Terminating ...
[30-May-2024 11:26:52] NOTICE: exiting, bye-bye!
[30-May-2024 11:26:53] NOTICE: fpm is running, pid 34256
[30-May-2024 11:26:53] NOTICE: ready to handle connections
[30-May-2024 11:27:23] NOTICE: Terminating ...
[30-May-2024 11:27:23] NOTICE: Terminating ...
[30-May-2024 11:27:23] NOTICE: exiting, bye-bye!
[30-May-2024 11:28:56] NOTICE: fpm is running, pid 962
[30-May-2024 11:28:56] NOTICE: ready to handle connections
[30-May-2024 16:35:48] NOTICE: Terminating ...
[30-May-2024 16:35:48] NOTICE: Terminating ...
[30-May-2024 16:35:48] NOTICE: exiting, bye-bye!
[31-May-2024 12:22:09] NOTICE: fpm is running, pid 91001
[31-May-2024 12:22:09] NOTICE: ready to handle connections
[31-May-2024 15:24:27] NOTICE: Terminating ...
[31-May-2024 15:24:27] NOTICE: Terminating ...
[31-May-2024 15:24:27] NOTICE: exiting, bye-bye!
[31-May-2024 15:49:22] NOTICE: fpm is running, pid 15181
[31-May-2024 15:49:22] NOTICE: ready to handle connections
[31-May-2024 17:44:50] NOTICE: Terminating ...
[31-May-2024 17:44:50] NOTICE: Terminating ...
[31-May-2024 17:44:50] NOTICE: exiting, bye-bye!
[01-Jun-2024 10:34:00] NOTICE: fpm is running, pid 1601
[01-Jun-2024 10:34:00] NOTICE: ready to handle connections
[01-Jun-2024 17:13:24] NOTICE: Terminating ...
[01-Jun-2024 17:13:24] NOTICE: Terminating ...
[01-Jun-2024 17:13:24] NOTICE: exiting, bye-bye!
[02-Jun-2024 12:02:13] NOTICE: fpm is running, pid 79690
[02-Jun-2024 12:02:13] NOTICE: ready to handle connections
[02-Jun-2024 12:02:18] NOTICE: Terminating ...
[02-Jun-2024 12:02:18] NOTICE: Terminating ...
[02-Jun-2024 12:02:18] NOTICE: exiting, bye-bye!
[02-Jun-2024 13:39:56] NOTICE: fpm is running, pid 27568
[02-Jun-2024 13:39:56] NOTICE: ready to handle connections
[05-Jun-2024 11:10:10] NOTICE: fpm is running, pid 21877
[05-Jun-2024 11:10:10] NOTICE: ready to handle connections
[06-Jun-2024 16:28:21] NOTICE: Terminating ...
[06-Jun-2024 16:28:21] NOTICE: Terminating ...
[06-Jun-2024 16:28:21] NOTICE: exiting, bye-bye!
[07-Jun-2024 15:57:29] NOTICE: fpm is running, pid 34750
[07-Jun-2024 15:57:29] NOTICE: ready to handle connections
